<?xml version="1.0" encoding="UTF-8"?>
<testng-results ignored="0" total="4" passed="4" failed="0" skipped="0">
  <reporter-output>
  </reporter-output>
  <suite started-at="2022-07-06T19:49:28 IST" name="Suite" finished-at="2022-07-06T19:49:52 IST" duration-ms="23437">
    <groups>
    </groups>
    <test started-at="2022-07-06T19:49:28 IST" name="TestForChrome" finished-at="2022-07-06T19:49:52 IST" duration-ms="23437">
      <class name="com.pack.tests.BasePageTest">
        <test-method is-config="true" signature="runUserChoice()[pri:0, instance:com.pack.tests.BasePageTest@479cbee5]" started-at="2022-07-06T19:49:28 IST" name="runUserChoice" finished-at="2022-07-06T19:49:29 IST" duration-ms="40" status="PASS">
          <reporter-output>
          </reporter-output>
        </test-method> <!-- runUserChoice -->
        <test-method is-config="true" signature="initializeTestBaseSetup(java.lang.String,java.lang.String)[pri:0, instance:com.pack.tests.BasePageTest@479cbee5]" started-at="2022-07-06T19:49:29 IST" name="initializeTestBaseSetup" finished-at="2022-07-06T19:49:40 IST" duration-ms="11011" status="PASS">
          <params>
            <param index="0">
              <value>
                <![CDATA[chrome]]>
              </value>
            </param>
            <param index="1">
              <value>
                <![CDATA[https://www.realme.com/in/]]>
              </value>
            </param>
          </params>
          <reporter-output>
          </reporter-output>
        </test-method> <!-- initializeTestBaseSetup -->
        <test-method is-config="true" signature="setUp()[pri:0, instance:com.pack.tests.BasePageTest@479cbee5]" started-at="2022-07-06T19:49:40 IST" name="setUp" finished-at="2022-07-06T19:49:40 IST" duration-ms="0" status="PASS">
          <reporter-output>
          </reporter-output>
        </test-method> <!-- setUp -->
        <test-method signature="verifyHomePage()[pri:1, instance:com.pack.tests.BasePageTest@479cbee5]" started-at="2022-07-06T19:49:40 IST" name="verifyHomePage" finished-at="2022-07-06T19:49:40 IST" duration-ms="43" status="PASS">
          <reporter-output>
          </reporter-output>
        </test-method> <!-- verifyHomePage -->
        <test-method signature="clickApp()[pri:2, instance:com.pack.tests.BasePageTest@479cbee5]" started-at="2022-07-06T19:49:40 IST" name="clickApp" finished-at="2022-07-06T19:49:43 IST" duration-ms="3145" status="PASS">
          <reporter-output>
          </reporter-output>
        </test-method> <!-- clickApp -->
        <test-method signature="scroll()[pri:3, instance:com.pack.tests.BasePageTest@479cbee5]" started-at="2022-07-06T19:49:43 IST" name="scroll" finished-at="2022-07-06T19:49:47 IST" duration-ms="4037" status="PASS">
          <reporter-output>
          </reporter-output>
        </test-method> <!-- scroll -->
        <test-method signature="nextElement()[pri:4, instance:com.pack.tests.BasePageTest@479cbee5]" started-at="2022-07-06T19:49:47 IST" name="nextElement" finished-at="2022-07-06T19:49:51 IST" duration-ms="4062" status="PASS">
          <reporter-output>
          </reporter-output>
        </test-method> <!-- nextElement -->
        <test-method is-config="true" signature="closeSetup()[pri:0, instance:com.pack.tests.BasePageTest@479cbee5]" started-at="2022-07-06T19:49:51 IST" name="closeSetup" finished-at="2022-07-06T19:49:51 IST" duration-ms="330" status="PASS">
          <reporter-output>
          </reporter-output>
        </test-method> <!-- closeSetup -->
        <test-method is-config="true" signature="cleanUp()[pri:0, instance:com.pack.tests.BasePageTest@479cbee5]" started-at="2022-07-06T19:49:51 IST" name="cleanUp" finished-at="2022-07-06T19:49:52 IST" duration-ms="664" status="PASS">
          <reporter-output>
          </reporter-output>
        </test-method> <!-- cleanUp -->
      </class> <!-- com.pack.tests.BasePageTest -->
    </test> <!-- TestForChrome -->
  </suite> <!-- Suite -->
</testng-results>
