<?xml version="1.0" encoding="UTF-8"?>
<!-- Generated by org.testng.reporters.JUnitXMLReporter -->
<testsuite ignored="0" hostname="aapna-lap-031" failures="0" tests="4" name="TestForChrome" time="23.437" errors="0" timestamp="2022-07-06T19:49:52 IST">
  <testcase classname="com.pack.tests.BasePageTest" name="verifyHomePage" time="0.043"/>
  <testcase classname="com.pack.tests.BasePageTest" name="clickApp" time="3.145"/>
  <testcase classname="com.pack.tests.BasePageTest" name="scroll" time="4.037"/>
  <testcase classname="com.pack.tests.BasePageTest" name="nextElement" time="4.062"/>
</testsuite> <!-- TestForChrome -->
